<?xml version="1.0" encoding="UTF-8"?>
<testsuite xmlns:xsi="http://www.w3.org/2001/XMLSchema-instance" xsi:noNamespaceSchemaLocation="https://maven.apache.org/surefire/maven-surefire-plugin/xsd/surefire-test-report.xsd" version="3.0.2" name="ThreadManagementTests" time="0.888" tests="3" errors="0" skipped="0" failures="0">
  <properties>
[...]
</properties>
  <testcase name="testReadersAndWritersSynchronization" classname="ThreadManagementTests" time="0.115">
    <system-out><![CDATA[Server started. Listening on port 12345...
Test server is ready on port 12345
Client connected: /127.0.0.1:34740
Client disconnected: /127.0.0.1:34740
Client connected: /127.0.0.1:34752
Received from client: CREATE shared
Client disconnected: /127.0.0.1:34752
Client connected: /127.0.0.1:34764
Received from client: WRITE shared hello
Client disconnected: /127.0.0.1:34764
Client connected: /127.0.0.1:34774
Client connected: /127.0.0.1:34790
Client connected: /127.0.0.1:34804
Received from client: READ shared
Received from client: READ shared
Client connected: /127.0.0.1:34810
Client disconnected: /127.0.0.1:34774
Client connected: /127.0.0.1:34816
Received from client: READ shared
Reader got: SUCCESS: 
Reader got: SUCCESS: 
Received from client: READ shared
Client disconnected: /127.0.0.1:34790
Received from client: READ shared
Reader got: SUCCESS: 
Reader got: SUCCESS: 
Client disconnected: /127.0.0.1:34804
Client disconnected: /127.0.0.1:34816
Reader got: SUCCESS: 
Client disconnected: /127.0.0.1:34810
Client connected: /127.0.0.1:34818
Received from client: WRITE shared world
Writer got: ERROR: ERROR: file too large
Client disconnected: /127.0.0.1:34818
]]></system-out>
    <system-err><![CDATA[java.io.IOException: Stream Closed
	at java.base/java.io.RandomAccessFile.seek0(Native Method)
	at java.base/java.io.RandomAccessFile.seek(RandomAccessFile.java:590)
	at ca.concordia.filesystem.FileSystemManager.saveMetadata(FileSystemManager.java:118)
	at ca.concordia.filesystem.FileSystemManager.createFile(FileSystemManager.java:195)
	at ca.concordia.server.ServerThread.run(ServerThread.java:59)
java.lang.Exception: ERROR: file too large
	at ca.concordia.filesystem.FileSystemManager.writeFile(FileSystemManager.java:280)
	at ca.concordia.server.ServerThread.run(ServerThread.java:81)
java.lang.Exception: ERROR: file too large
	at ca.concordia.filesystem.FileSystemManager.writeFile(FileSystemManager.java:280)
	at ca.concordia.server.ServerThread.run(ServerThread.java:81)
]]></system-err>
  </testcase>
  <testcase name="testDeadlockPreventionUnderStress" classname="ThreadManagementTests" time="0.039">
    <system-out><![CDATA[Client connected: /127.0.0.1:34822
Client connected: /127.0.0.1:34830
Received from client: WRITE shared data0
Client connected: /127.0.0.1:34844
Client connected: /127.0.0.1:34858
Received from client: READ shared
Received from client: READ shared
Client disconnected: /127.0.0.1:34822
Client connected: /127.0.0.1:34862
Client disconnected: /127.0.0.1:34844
Received from client: READ shared
Client disconnected: /127.0.0.1:34830
Client connected: /127.0.0.1:34874
Client disconnected: /127.0.0.1:34858
Client connected: /127.0.0.1:34888
Received from client: WRITE shared data3
Received from client: READ shared
Client connected: /127.0.0.1:34896
Received from client: WRITE shared data6
Client connected: /127.0.0.1:34912
Client disconnected: /127.0.0.1:34862
Received from client: READ shared
Client disconnected: /127.0.0.1:34874
Client connected: /127.0.0.1:34920
Received from client: READ shared
Client disconnected: /127.0.0.1:34896
Client disconnected: /127.0.0.1:34888
Client connected: /127.0.0.1:34926
Client disconnected: /127.0.0.1:34912
Received from client: READ shared
Client connected: /127.0.0.1:34942
Received from client: READ shared
Client connected: /127.0.0.1:34958
Client disconnected: /127.0.0.1:34920
Received from client: WRITE shared data9
Client connected: /127.0.0.1:34972
Received from client: WRITE shared data12
Client disconnected: /127.0.0.1:34926
Client connected: /127.0.0.1:34988
Received from client: READ shared
Client disconnected: /127.0.0.1:34958
Client disconnected: /127.0.0.1:34942
Client connected: /127.0.0.1:34990
Received from client: READ shared
Client connected: /127.0.0.1:35006
Client disconnected: /127.0.0.1:34972
Client disconnected: /127.0.0.1:34988
Received from client: WRITE shared data15
Client connected: /127.0.0.1:35022
Received from client: READ shared
Client connected: /127.0.0.1:35034
Received from client: READ shared
Client disconnected: /127.0.0.1:35006
Client disconnected: /127.0.0.1:34990
Client disconnected: /127.0.0.1:35022
Client connected: /127.0.0.1:35046
Received from client: WRITE shared data18
Client connected: /127.0.0.1:35054
Received from client: READ shared
Client connected: /127.0.0.1:35058
Received from client: READ shared
Client connected: /127.0.0.1:35060
Client disconnected: /127.0.0.1:35034
Client disconnected: /127.0.0.1:35046
Received from client: WRITE shared data21
Client connected: /127.0.0.1:35074
Received from client: READ shared
Client disconnected: /127.0.0.1:35054
Client connected: /127.0.0.1:35080
Client disconnected: /127.0.0.1:35060
Client disconnected: /127.0.0.1:35058
Received from client: READ shared
Client connected: /127.0.0.1:35084
Client connected: /127.0.0.1:35096
Received from client: WRITE shared data24
Client connected: /127.0.0.1:35108
Client disconnected: /127.0.0.1:35074
Client connected: /127.0.0.1:35120
Received from client: READ shared
Client connected: /127.0.0.1:35136
Received from client: READ shared
Received from client: WRITE shared data27
Client connected: /127.0.0.1:35138
Received from client: READ shared
Client disconnected: /127.0.0.1:35080
Received from client: READ shared
Client disconnected: /127.0.0.1:35096
Client connected: /127.0.0.1:35150
Client disconnected: /127.0.0.1:35108
Client connected: /127.0.0.1:35156
Received from client: WRITE shared data30
Client disconnected: /127.0.0.1:35120
Received from client: READ shared
Client disconnected: /127.0.0.1:35084
Client disconnected: /127.0.0.1:35136
Client connected: /127.0.0.1:35162
Received from client: READ shared
Client disconnected: /127.0.0.1:35150
Client connected: /127.0.0.1:35178
Client disconnected: /127.0.0.1:35138
Received from client: WRITE shared data33
Client connected: /127.0.0.1:35190
Client disconnected: /127.0.0.1:35156
Received from client: READ shared
Client connected: /127.0.0.1:35198
Received from client: READ shared
Client disconnected: /127.0.0.1:35162
Client connected: /127.0.0.1:35210
Client disconnected: /127.0.0.1:35190
Client disconnected: /127.0.0.1:35178
Received from client: WRITE shared data36
Client connected: /127.0.0.1:35218
Received from client: READ shared
Client connected: /127.0.0.1:35226
Client connected: /127.0.0.1:35230
Received from client: WRITE shared data39
Client disconnected: /127.0.0.1:35198
Client disconnected: /127.0.0.1:35210
Client connected: /127.0.0.1:35240
Client disconnected: /127.0.0.1:35218
Received from client: READ shared
Received from client: READ shared
Client connected: /127.0.0.1:35248
Received from client: READ shared
Client connected: /127.0.0.1:35250
Client disconnected: /127.0.0.1:35230
Client disconnected: /127.0.0.1:35226
Received from client: WRITE shared data42
Client connected: /127.0.0.1:35256
Client disconnected: /127.0.0.1:35240
Client connected: /127.0.0.1:35266
Received from client: READ shared
Received from client: READ shared
Client disconnected: /127.0.0.1:35248
Client connected: /127.0.0.1:35270
Received from client: WRITE shared data45
Client disconnected: /127.0.0.1:35250
Client connected: /127.0.0.1:35276
Client disconnected: /127.0.0.1:35256
Received from client: READ shared
Client connected: /127.0.0.1:35288
Client disconnected: /127.0.0.1:35266
Received from client: READ shared
Client connected: /127.0.0.1:35292
Client disconnected: /127.0.0.1:35270
Received from client: WRITE shared data48
Received from client: READ shared
Client disconnected: /127.0.0.1:35276
Client disconnected: /127.0.0.1:35292
Client disconnected: /127.0.0.1:35288
]]></system-out>
    <system-err><![CDATA[java.lang.Exception: ERROR: file too large
	at ca.concordia.filesystem.FileSystemManager.writeFile(FileSystemManager.java:280)
	at ca.concordia.server.ServerThread.run(ServerThread.java:81)
java.lang.Exception: ERROR: file too large
	at ca.concordia.filesystem.FileSystemManager.writeFile(FileSystemManager.java:280)
	at ca.concordia.server.ServerThread.run(ServerThread.java:81)
java.lang.Exception: ERROR: file too large
	at ca.concordia.filesystem.FileSystemManager.writeFile(FileSystemManager.java:280)
	at ca.concordia.server.ServerThread.run(ServerThread.java:81)
java.lang.Exception: ERROR: file too large
	at ca.concordia.filesystem.FileSystemManager.writeFile(FileSystemManager.java:280)
	at ca.concordia.server.ServerThread.run(ServerThread.java:81)
java.lang.Exception: ERROR: file too large
	at ca.concordia.filesystem.FileSystemManager.writeFile(FileSystemManager.java:280)
	at ca.concordia.server.ServerThread.run(ServerThread.java:81)
java.lang.Exception: ERROR: file too large
	at ca.concordia.filesystem.FileSystemManager.writeFile(FileSystemManager.java:280)
	at ca.concordia.server.ServerThread.run(ServerThread.java:81)
java.lang.Exception: ERROR: file too large
	at ca.concordia.filesystem.FileSystemManager.writeFile(FileSystemManager.java:280)
	at ca.concordia.server.ServerThread.run(ServerThread.java:81)
java.lang.Exception: ERROR: file too large
	at ca.concordia.filesystem.FileSystemManager.writeFile(FileSystemManager.java:280)
	at ca.concordia.server.ServerThread.run(ServerThread.java:81)
java.lang.Exception: ERROR: file too large
	at ca.concordia.filesystem.FileSystemManager.writeFile(FileSystemManager.java:280)
	at ca.concordia.server.ServerThread.run(ServerThread.java:81)
java.lang.Exception: ERROR: file too large
	at ca.concordia.filesystem.FileSystemManager.writeFile(FileSystemManager.java:280)
	at ca.concordia.server.ServerThread.run(ServerThread.java:81)
java.lang.Exception: ERROR: file too large
	at ca.concordia.filesystem.FileSystemManager.writeFile(FileSystemManager.java:280)
	at ca.concordia.server.ServerThread.run(ServerThread.java:81)
java.lang.Exception: ERROR: file too large
	at ca.concordia.filesystem.FileSystemManager.writeFile(FileSystemManager.java:280)
	at ca.concordia.server.ServerThread.run(ServerThread.java:81)
java.lang.Exception: ERROR: file too large
	at ca.concordia.filesystem.FileSystemManager.writeFile(FileSystemManager.java:280)
	at ca.concordia.server.ServerThread.run(ServerThread.java:81)
java.lang.Exception: ERROR: file too large
	at ca.concordia.filesystem.FileSystemManager.writeFile(FileSystemManager.java:280)
	at ca.concordia.server.ServerThread.run(ServerThread.java:81)
java.lang.Exception: ERROR: file too large
	at ca.concordia.filesystem.FileSystemManager.writeFile(FileSystemManager.java:280)
	at ca.concordia.server.ServerThread.run(ServerThread.java:81)
java.lang.Exception: ERROR: file too large
	at ca.concordia.filesystem.FileSystemManager.writeFile(FileSystemManager.java:280)
	at ca.concordia.server.ServerThread.run(ServerThread.java:81)
java.lang.Exception: ERROR: file too large
	at ca.concordia.filesystem.FileSystemManager.writeFile(FileSystemManager.java:280)
	at ca.concordia.server.ServerThread.run(ServerThread.java:81)
]]></system-err>
  </testcase>
  <testcase name="testMultipleClientsConcurrentAccess" classname="ThreadManagementTests" time="0.018">
    <system-out><![CDATA[Client connected: /127.0.0.1:35294
Client connected: /127.0.0.1:35310
Received from client: CREATE file0
Client connected: /127.0.0.1:35322
Client connected: /127.0.0.1:35324
Received from client: CREATE file1
Client disconnected: /127.0.0.1:35294
Received from client: CREATE file3
Client disconnected: /127.0.0.1:35310
Client connected: /127.0.0.1:35340
Client disconnected: /127.0.0.1:35322
Received from client: CREATE file4
Client connected: /127.0.0.1:35350
Received from client: CREATE file5
Client disconnected: /127.0.0.1:35324
Client connected: /127.0.0.1:35356
Received from client: CREATE file2
Client connected: /127.0.0.1:35368
Client disconnected: /127.0.0.1:35340
Received from client: CREATE file6
Client connected: /127.0.0.1:35376
Received from client: CREATE file8
Client connected: /127.0.0.1:35388
Received from client: CREATE file7
Client disconnected: /127.0.0.1:35350
Client disconnected: /127.0.0.1:35356
Client connected: /127.0.0.1:35390
Received from client: CREATE file9
Client disconnected: /127.0.0.1:35376
Client connected: /127.0.0.1:35406
Client disconnected: /127.0.0.1:35388
Received from client: CREATE file10
Client disconnected: /127.0.0.1:35368
Client disconnected: /127.0.0.1:35390
Client connected: /127.0.0.1:35408
Client connected: /127.0.0.1:35416
Received from client: CREATE file11
Received from client: CREATE file12
Client disconnected: /127.0.0.1:35406
Client disconnected: /127.0.0.1:35408
Client connected: /127.0.0.1:35418
Client connected: /127.0.0.1:35430
Received from client: CREATE file13
Received from client: CREATE file14
Client connected: /127.0.0.1:35440
Received from client: CREATE file16
Client disconnected: /127.0.0.1:35416
Client disconnected: /127.0.0.1:35418
Client connected: /127.0.0.1:35452
Client connected: /127.0.0.1:35460
Client disconnected: /127.0.0.1:35430
Received from client: CREATE file17
Received from client: CREATE file19
Client connected: /127.0.0.1:35472
Received from client: CREATE file18
Client disconnected: /127.0.0.1:35440
Received from client: CREATE file15
Client disconnected: /127.0.0.1:35452
Client disconnected: /127.0.0.1:35460
Client disconnected: /127.0.0.1:35472
]]></system-out>
    <system-err><![CDATA[java.io.IOException: Stream Closed
	at java.base/java.io.RandomAccessFile.seek0(Native Method)
	at java.base/java.io.RandomAccessFile.seek(RandomAccessFile.java:590)
	at ca.concordia.filesystem.FileSystemManager.saveMetadata(FileSystemManager.java:118)
	at ca.concordia.filesystem.FileSystemManager.createFile(FileSystemManager.java:195)
	at ca.concordia.server.ServerThread.run(ServerThread.java:59)
java.io.IOException: Stream Closed
	at java.base/java.io.RandomAccessFile.seek0(Native Method)
	at java.base/java.io.RandomAccessFile.seek(RandomAccessFile.java:590)
	at ca.concordia.filesystem.FileSystemManager.saveMetadata(FileSystemManager.java:118)
	at ca.concordia.filesystem.FileSystemManager.createFile(FileSystemManager.java:195)
	at ca.concordia.server.ServerThread.run(ServerThread.java:59)
java.io.IOException: Stream Closed
	at java.base/java.io.RandomAccessFile.seek0(Native Method)
	at java.base/java.io.RandomAccessFile.seek(RandomAccessFile.java:590)
	at ca.concordia.filesystem.FileSystemManager.saveMetadata(FileSystemManager.java:118)
	at ca.concordia.filesystem.FileSystemManager.createFile(FileSystemManager.java:195)
	at ca.concordia.server.ServerThread.run(ServerThread.java:59)
java.io.IOException: Stream Closed
	at java.base/java.io.RandomAccessFile.seek0(Native Method)
	at java.base/java.io.RandomAccessFile.seek(RandomAccessFile.java:590)
	at ca.concordia.filesystem.FileSystemManager.saveMetadata(FileSystemManager.java:118)
	at ca.concordia.filesystem.FileSystemManager.createFile(FileSystemManager.java:195)
	at ca.concordia.server.ServerThread.run(ServerThread.java:59)
java.io.IOException: Stream Closed
	at java.base/java.io.RandomAccessFile.seek0(Native Method)
	at java.base/java.io.RandomAccessFile.seek(RandomAccessFile.java:590)
	at ca.concordia.filesystem.FileSystemManager.saveMetadata(FileSystemManager.java:118)
	at ca.concordia.filesystem.FileSystemManager.createFile(FileSystemManager.java:195)
	at ca.concordia.server.ServerThread.run(ServerThread.java:59)
java.io.IOException: Stream Closed
	at java.base/java.io.RandomAccessFile.seek0(Native Method)
	at java.base/java.io.RandomAccessFile.seek(RandomAccessFile.java:590)
	at ca.concordia.filesystem.FileSystemManager.saveMetadata(FileSystemManager.java:118)
	at ca.concordia.filesystem.FileSystemManager.createFile(FileSystemManager.java:195)
	at ca.concordia.server.ServerThread.run(ServerThread.java:59)
java.lang.Exception: ERROR: maximum number of files reached
	at ca.concordia.filesystem.FileSystemManager.createFile(FileSystemManager.java:188)
	at ca.concordia.server.ServerThread.run(ServerThread.java:59)
java.lang.Exception: ERROR: maximum number of files reached
	at ca.concordia.filesystem.FileSystemManager.createFile(FileSystemManager.java:188)
	at ca.concordia.server.ServerThread.run(ServerThread.java:59)
java.lang.Exception: ERROR: maximum number of files reached
	at ca.concordia.filesystem.FileSystemManager.createFile(FileSystemManager.java:188)
	at ca.concordia.server.ServerThread.run(ServerThread.java:59)
java.lang.Exception: ERROR: maximum number of files reached
	at ca.concordia.filesystem.FileSystemManager.createFile(FileSystemManager.java:188)
	at ca.concordia.server.ServerThread.run(ServerThread.java:59)
java.lang.Exception: ERROR: maximum number of files reached
	at ca.concordia.filesystem.FileSystemManager.createFile(FileSystemManager.java:188)
	at ca.concordia.server.ServerThread.run(ServerThread.java:59)
java.lang.Exception: ERROR: maximum number of files reached
	at ca.concordia.filesystem.FileSystemManager.createFile(FileSystemManager.java:188)
	at ca.concordia.server.ServerThread.run(ServerThread.java:59)
java.lang.Exception: ERROR: maximum number of files reached
	at ca.concordia.filesystem.FileSystemManager.createFile(FileSystemManager.java:188)
	at ca.concordia.server.ServerThread.run(ServerThread.java:59)
java.lang.Exception: ERROR: maximum number of files reached
	at ca.concordia.filesystem.FileSystemManager.createFile(FileSystemManager.java:188)
	at ca.concordia.server.ServerThread.run(ServerThread.java:59)
java.lang.Exception: ERROR: maximum number of files reached
	at ca.concordia.filesystem.FileSystemManager.createFile(FileSystemManager.java:188)
	at ca.concordia.server.ServerThread.run(ServerThread.java:59)
java.lang.Exception: ERROR: maximum number of files reached
	at ca.concordia.filesystem.FileSystemManager.createFile(FileSystemManager.java:188)
	at ca.concordia.server.ServerThread.run(ServerThread.java:59)
java.lang.Exception: ERROR: maximum number of files reached
	at ca.concordia.filesystem.FileSystemManager.createFile(FileSystemManager.java:188)
	at ca.concordia.server.ServerThread.run(ServerThread.java:59)
java.lang.Exception: ERROR: maximum number of files reached
	at ca.concordia.filesystem.FileSystemManager.createFile(FileSystemManager.java:188)
	at ca.concordia.server.ServerThread.run(ServerThread.java:59)
java.lang.Exception: ERROR: maximum number of files reached
	at ca.concordia.filesystem.FileSystemManager.createFile(FileSystemManager.java:188)
	at ca.concordia.server.ServerThread.run(ServerThread.java:59)
java.lang.Exception: ERROR: maximum number of files reached
	at ca.concordia.filesystem.FileSystemManager.createFile(FileSystemManager.java:188)
	at ca.concordia.server.ServerThread.run(ServerThread.java:59)
]]></system-err>
  </testcase>
</testsuite>